[35m[Appium][39m Welcome to Appium v1.22.3
[35m[Appium][39m Non-default server args:
[35m[Appium][39m   port: 50677
[35m[Appium][39m   loglevel: info
[35m[Appium][39m   tmpDir: C:\Users\ASLAMA~1\AppData\Local\Temp\\Katalon\Appium\Temp1692870519204
[35m[Appium][39m   chromedriverPort: 50678
[35m[Appium][39m Deprecated server args:
[35m[Appium][39m   [31m--chromedriver-port[39m => --default-capabilities
[35m[Appium][39m Default capabilities, which will be added to each request unless overridden by desired capabilities:
[35m[Appium][39m   chromedriverPort: 50678
[35m[Appium][39m Appium REST http interface listener started on 0.0.0.0:50677
[35m[HTTP][39m [37m-->[39m [37mGET[39m [37m/wd/hub/status[39m
[35m[HTTP][39m [90m{}[39m
[35m[HTTP][39m [37m<-- GET /wd/hub/status [39m[32m200[39m [90m21 ms - 68[39m
[35m[HTTP][39m [90m[39m
[35m[HTTP][39m [37m-->[39m [37mGET[39m [37m/wd/hub/status[39m
[35m[HTTP][39m [90m{}[39m
[35m[HTTP][39m [37m<-- GET /wd/hub/status [39m[32m200[39m [90m4 ms - 68[39m
[35m[HTTP][39m [90m[39m
[35m[HTTP][39m [37m-->[39m [37mPOST[39m [37m/wd/hub/session[39m
[35m[HTTP][39m [90m{"desiredCapabilities":{"app":"C:\\Users\\Aslamadin Alvian Haz\\Downloads\\mda-2.0.0-21.apk","noReset":true,"appWaitActivity":"*","deviceId":"","deviceName":"samsung SM-A505F (Android 11)","fullReset":false,"platform":"ANDROID","newCommandTimeout":1800,"platformVersion":"11","automationName":"uiautomator2","autoGrantPermissions":true,"platformName":"Android","udid":"RR8M404ZXGY","systemPort":50685},"capabilities":{"firstMatch":[{"appium:app":"C:\\Users\\Aslamadin Alvian Haz\\Downloads\\mda-2.0.0-21.apk","appium:appWaitActivity":"*","appium:autoGrantPermissions":true,"appium:automationName":"uiautomator2","deviceId":"","appium:deviceName":"samsung SM-A505F (Android 11)","appium:fullReset":false,"appium:newCommandTimeout":1800,"appium:noReset":true,"platform":"ANDROID","platformName":"android","appium:platformVersion":"11","appium:systemPort":50685,"appium:udid":"RR8M404ZXGY"}]}}[39m
[35m[BaseDriver][39m The following capabilities are not standard capabilities and should have an extension prefix:
[35m[BaseDriver][39m   deviceId
[35m[BaseDriver][39m   platform
[35m[BaseDriver][39m   chromedriverPort
[35m[Appium][39m Appium v1.22.3 creating new AndroidUiautomator2Driver (v1.70.1) session
[35m[BaseDriver][39m The following capabilities were provided, but are not recognized by Appium:
[35m[BaseDriver][39m   deviceId
[35m[BaseDriver][39m   platform
[35m[BaseDriver][39m Session created with session id: 8630f66e-24c4-4081-8645-d871cf74562a
[35m[BaseDriver][39m Using local app 'C:\Users\Aslamadin Alvian Haz\Downloads\mda-2.0.0-21.apk'
[35m[ADB][39m Found 1 'build-tools' folders under 'C:\Users\Aslamadin Alvian Haz\.katalon\tools\android_sdk' (newest first):
[35m[ADB][39m     C:/Users/Aslamadin Alvian Haz/.katalon/tools/android_sdk/build-tools/29.0.3
[35m[ADB][39m Using 'adb.exe' from 'C:\Users\Aslamadin Alvian Haz\.katalon\tools\android_sdk\platform-tools\adb.exe'
[35m[AndroidDriver][39m Retrieving device list
[35m[AndroidDriver][39m Using device: RR8M404ZXGY
[35m[ADB][39m Using 'adb.exe' from 'C:\Users\Aslamadin Alvian Haz\.katalon\tools\android_sdk\platform-tools\adb.exe'
[35m[ADB][39m Getting device platform version
[35m[UiAutomator2][39m Relaxing hidden api policy
[35m[ADB][39m Package name: 'com.saucelabs.mydemoapp.android'
[35m[ADB][39m Main activity name: 'com.saucelabs.mydemoapp.android.view.activities.SplashActivity'
[35m[ADB][39m Using 'apksigner.jar' from 'C:\Users\Aslamadin Alvian Haz\.katalon\tools\android_sdk\build-tools\29.0.3\lib\apksigner.jar'
[35m[ADB][39m 'C:\Users\Aslamadin Alvian Haz\AppData\Roaming\npm\node_modules\appium\node_modules\appium-uiautomator2-server\apks\appium-uiautomator2-server-v4.27.0.apk' is signed with the default certificate
[35m[ADB][39m 'C:\Users\Aslamadin Alvian Haz\AppData\Roaming\npm\node_modules\appium\node_modules\appium-uiautomator2-server\apks\appium-uiautomator2-server-debug-androidTest.apk' is signed with the default certificate
[35m[UiAutomator2][39m Server packages are not going to be (re)installed
[35m[ADB][39m Adding packages ["io.appium.settings","io.appium.uiautomator2.server","io.appium.uiautomator2.server.test"] to Doze whitelist
[35m[ADB][39m 'C:\Users\Aslamadin Alvian Haz\Downloads\mda-2.0.0-21.apk' is signed with a non-default certificate
[35m[ADB][39m The application at 'C:\Users\Aslamadin Alvian Haz\Downloads\mda-2.0.0-21.apk' will not be cached, because the device under test has confirmed the support of streamed installs
[35m[ADB][39m The installation of 'mda-2.0.0-21.apk' took 15891ms
[35m[UiAutomator2][39m Starting UIAutomator2 server 4.27.0
[35m[UiAutomator2][39m Using UIAutomator2 server from 'C:\Users\Aslamadin Alvian Haz\AppData\Roaming\npm\node_modules\appium\node_modules\appium-uiautomator2-server\apks\appium-uiautomator2-server-v4.27.0.apk' and test from 'C:\Users\Aslamadin Alvian Haz\AppData\Roaming\npm\node_modules\appium\node_modules\appium-uiautomator2-server\apks\appium-uiautomator2-server-debug-androidTest.apk'
[35m[UiAutomator2][39m Waiting up to 30000ms for UiAutomator2 to be online...
[35m[WD Proxy][39m socket hang up
[35m[WD Proxy][39m socket hang up
[35m[WD Proxy][39m socket hang up
[35m[WD Proxy][39m socket hang up
[35m[WD Proxy][39m Determined the downstream protocol as 'W3C'
[35m[AndroidDriver][39m Screen already unlocked, doing nothing
[35m[UiAutomator2][39m Starting 'com.saucelabs.mydemoapp.android/com.saucelabs.mydemoapp.android.view.activities.SplashActivity and waiting for 'com.saucelabs.mydemoapp.android/*'
[35m[Appium][39m New AndroidUiautomator2Driver session created successfully, session 8630f66e-24c4-4081-8645-d871cf74562a added to master session list
[35m[HTTP][39m [37m<-- POST /wd/hub/session [39m[32m200[39m [90m32958 ms - 1359[39m
[35m[HTTP][39m [90m[39m
[35m[HTTP][39m [37m-->[39m [37mGET[39m [37m/wd/hub/session/8630f66e-24c4-4081-8645-d871cf74562a[39m
[35m[HTTP][39m [90m{}[39m
[35m[HTTP][39m [37m<-- GET /wd/hub/session/8630f66e-24c4-4081-8645-d871cf74562a [39m[32m200[39m [90m19 ms - 1313[39m
[35m[HTTP][39m [90m[39m
[35m[HTTP][39m [37m-->[39m [37mGET[39m [37m/wd/hub/session/8630f66e-24c4-4081-8645-d871cf74562a[39m
[35m[HTTP][39m [90m{}[39m
[35m[HTTP][39m [37m<-- GET /wd/hub/session/8630f66e-24c4-4081-8645-d871cf74562a [39m[32m200[39m [90m11 ms - 1313[39m
[35m[HTTP][39m [90m[39m
[35m[HTTP][39m [37m-->[39m [37mGET[39m [37m/wd/hub/status[39m
[35m[HTTP][39m [90m{}[39m
[35m[HTTP][39m [37m<-- GET /wd/hub/status [39m[32m200[39m [90m1 ms - 68[39m
[35m[HTTP][39m [90m[39m
[35m[HTTP][39m [37m-->[39m [37mPOST[39m [37m/wd/hub/session/8630f66e-24c4-4081-8645-d871cf74562a/timeouts[39m
[35m[HTTP][39m [90m{"implicit":60000}[39m
[35m[HTTP][39m [37m<-- POST /wd/hub/session/8630f66e-24c4-4081-8645-d871cf74562a/timeouts [39m[32m200[39m [90m6 ms - 14[39m
[35m[HTTP][39m [90m[39m
[35m[HTTP][39m [37m-->[39m [37mGET[39m [37m/wd/hub/session/8630f66e-24c4-4081-8645-d871cf74562a/source[39m
[35m[HTTP][39m [90m{}[39m
[35m[W3C (8630f66e)][39m Driver proxy active, passing request on via HTTP proxy
[35m[WD Proxy][39m Replacing sessionId 19896693-e639-40ce-8531-3a9f0b65ad05 with 8630f66e-24c4-4081-8645-d871cf74562a
[35m[HTTP][39m [37m<-- GET /wd/hub/session/8630f66e-24c4-4081-8645-d871cf74562a/source [39m[32m200[39m [90m1536 ms - 31065[39m
[35m[HTTP][39m [90m[39m
[35m[HTTP][39m [37m-->[39m [37mGET[39m [37m/wd/hub/session/8630f66e-24c4-4081-8645-d871cf74562a/screenshot[39m
[35m[HTTP][39m [90m{}[39m
[35m[HTTP][39m [37m<-- GET /wd/hub/session/8630f66e-24c4-4081-8645-d871cf74562a/screenshot [39m[32m200[39m [90m827 ms - 579930[39m
[35m[HTTP][39m [90m[39m
[35m[HTTP][39m [37m-->[39m [37mGET[39m [37m/wd/hub/session/8630f66e-24c4-4081-8645-d871cf74562a/source[39m
[35m[HTTP][39m [90m{}[39m
[35m[W3C (8630f66e)][39m Driver proxy active, passing request on via HTTP proxy
[35m[WD Proxy][39m Replacing sessionId 19896693-e639-40ce-8531-3a9f0b65ad05 with 8630f66e-24c4-4081-8645-d871cf74562a
[35m[HTTP][39m [37m<-- GET /wd/hub/session/8630f66e-24c4-4081-8645-d871cf74562a/source [39m[32m200[39m [90m104 ms - 16738[39m
[35m[HTTP][39m [90m[39m
[35m[HTTP][39m [37m-->[39m [37mGET[39m [37m/wd/hub/session/8630f66e-24c4-4081-8645-d871cf74562a/screenshot[39m
[35m[HTTP][39m [90m{}[39m
[35m[HTTP][39m [37m<-- GET /wd/hub/session/8630f66e-24c4-4081-8645-d871cf74562a/screenshot [39m[32m200[39m [90m574 ms - 154002[39m
[35m[HTTP][39m [90m[39m
[35m[HTTP][39m [37m-->[39m [37mPOST[39m [37m/wd/hub/session/8630f66e-24c4-4081-8645-d871cf74562a/elements[39m
[35m[HTTP][39m [90m{"using":"xpath","value":"//*[@class = 'android.widget.TextView' and (@text = 'Enter Password' or . = 'Enter Password') and @resource-id = 'com.saucelabs.mydemoapp.android:id/passwordErrorTV']"}[39m
[35m[HTTP][39m [37m<-- POST /wd/hub/session/8630f66e-24c4-4081-8645-d871cf74562a/elements [39m[32m200[39m [90m424 ms - 139[39m
[35m[HTTP][39m [90m[39m
[35m[HTTP][39m [37m-->[39m [37mDELETE[39m [37m/wd/hub/session/8630f66e-24c4-4081-8645-d871cf74562a[39m
[35m[HTTP][39m [90m{}[39m
[35m[Appium][39m Removing session 8630f66e-24c4-4081-8645-d871cf74562a from our master session list
[35m[UiAutomator2][39m Restoring hidden api policy to the device default configuration
[35m[HTTP][39m [37m<-- DELETE /wd/hub/session/8630f66e-24c4-4081-8645-d871cf74562a [39m[32m200[39m [90m472 ms - 14[39m
[35m[HTTP][39m [90m[39m
