[35m[Appium][39m Welcome to Appium v1.22.3
[35m[Appium][39m Non-default server args:
[35m[Appium][39m   port: 65534
[35m[Appium][39m   loglevel: info
[35m[Appium][39m   tmpDir: C:\Users\USER\AppData\Local\Temp\\Katalon\Appium\Temp1692870133127
[35m[Appium][39m   chromedriverPort: 49152
[35m[Appium][39m Deprecated server args:
[35m[Appium][39m   [31m--chromedriver-port[39m => --default-capabilities
[35m[Appium][39m Default capabilities, which will be added to each request unless overridden by desired capabilities:
[35m[Appium][39m   chromedriverPort: 49152
[35m[Appium][39m Appium REST http interface listener started on 0.0.0.0:65534
[35m[HTTP][39m [37m-->[39m [37mGET[39m [37m/wd/hub/status[39m
[35m[HTTP][39m [90m{}[39m
[35m[HTTP][39m [37m<-- GET /wd/hub/status [39m[32m200[39m [90m17 ms - 68[39m
[35m[HTTP][39m [90m[39m
[35m[HTTP][39m [37m-->[39m [37mGET[39m [37m/wd/hub/status[39m
[35m[HTTP][39m [90m{}[39m
[35m[HTTP][39m [37m<-- GET /wd/hub/status [39m[32m200[39m [90m3 ms - 68[39m
[35m[HTTP][39m [90m[39m
[35m[HTTP][39m [37m-->[39m [37mPOST[39m [37m/wd/hub/session[39m
[35m[HTTP][39m [90m{"desiredCapabilities":{"appPackage":"com.android.settings","appWaitActivity":"*","deviceId":"","deviceName":"HUAWEI INE-LX2 (Android 9)","platform":"ANDROID","appActivity":".Settings","newCommandTimeout":1800,"platformVersion":"9","automationName":"uiautomator2","autoGrantPermissions":true,"platformName":"Android","udid":"TXURK19131003083","systemPort":8243},"capabilities":{"firstMatch":[{"appium:appActivity":".Settings","appium:appPackage":"com.android.settings","appium:appWaitActivity":"*","appium:autoGrantPermissions":true,"appium:automationName":"uiautomator2","deviceId":"","appium:deviceName":"HUAWEI INE-LX2 (Android 9)","appium:newCommandTimeout":1800,"platform":"ANDROID","platformName":"android","appium:platformVersion":"9","appium:systemPort":8243,"appium:udid":"TXURK19131003083"}]}}[39m
[35m[BaseDriver][39m The following capabilities are not standard capabilities and should have an extension prefix:
[35m[BaseDriver][39m   deviceId
[35m[BaseDriver][39m   platform
[35m[BaseDriver][39m   chromedriverPort
[35m[Appium][39m Appium v1.22.3 creating new AndroidUiautomator2Driver (v1.70.1) session
[35m[BaseDriver][39m The following capabilities were provided, but are not recognized by Appium:
[35m[BaseDriver][39m   deviceId
[35m[BaseDriver][39m   platform
[35m[BaseDriver][39m Session created with session id: cf0dbef2-5896-49f6-934d-69d70b162728
[35m[UiAutomator2][39m Starting 'com.android.settings' directly on the device
[35m[ADB][39m Found 1 'build-tools' folders under 'C:\Users\USER\.katalon\tools\android_sdk' (newest first):
[35m[ADB][39m     C:/Users/USER/.katalon/tools/android_sdk/build-tools/29.0.3
[35m[ADB][39m Using 'adb.exe' from 'C:\Users\USER\.katalon\tools\android_sdk\platform-tools\adb.exe'
[35m[AndroidDriver][39m Retrieving device list
[35m[AndroidDriver][39m Using device: TXURK19131003083
[35m[ADB][39m Using 'adb.exe' from 'C:\Users\USER\.katalon\tools\android_sdk\platform-tools\adb.exe'
[35m[ADB][39m Getting device platform version
[35m[UiAutomator2][39m Relaxing hidden api policy
[35m[AndroidDriver][39m No app sent in, not parsing package/activity
[35m[ADB][39m Using 'apksigner.jar' from 'C:\Users\USER\.katalon\tools\android_sdk\build-tools\29.0.3\lib\apksigner.jar'
[35m[ADB][39m 'C:\Users\USER\AppData\Roaming\npm\node_modules\appium\node_modules\appium-uiautomator2-server\apks\appium-uiautomator2-server-v4.27.0.apk' is signed with the default certificate
[35m[ADB][39m 'C:\Users\USER\AppData\Roaming\npm\node_modules\appium\node_modules\appium-uiautomator2-server\apks\appium-uiautomator2-server-debug-androidTest.apk' is signed with the default certificate
[35m[UiAutomator2][39m Server packages are not going to be (re)installed
[35m[ADB][39m Adding packages ["io.appium.settings","io.appium.uiautomator2.server","io.appium.uiautomator2.server.test"] to Doze whitelist
[35m[UiAutomator2][39m Starting UIAutomator2 server 4.27.0
[35m[UiAutomator2][39m Using UIAutomator2 server from 'C:\Users\USER\AppData\Roaming\npm\node_modules\appium\node_modules\appium-uiautomator2-server\apks\appium-uiautomator2-server-v4.27.0.apk' and test from 'C:\Users\USER\AppData\Roaming\npm\node_modules\appium\node_modules\appium-uiautomator2-server\apks\appium-uiautomator2-server-debug-androidTest.apk'
[35m[UiAutomator2][39m Waiting up to 30000ms for UiAutomator2 to be online...
[35m[WD Proxy][39m socket hang up
[35m[WD Proxy][39m socket hang up
[35m[WD Proxy][39m socket hang up
[35m[WD Proxy][39m socket hang up
[35m[WD Proxy][39m Determined the downstream protocol as 'W3C'
[35m[AndroidDriver][39m Screen already unlocked, doing nothing
[35m[UiAutomator2][39m Starting 'com.android.settings/.Settings and waiting for 'com.android.settings/*'
[35m[Appium][39m New AndroidUiautomator2Driver session created successfully, session cf0dbef2-5896-49f6-934d-69d70b162728 added to master session list
[35m[HTTP][39m [37m<-- POST /wd/hub/session [39m[32m200[39m [90m13875 ms - 1239[39m
[35m[HTTP][39m [90m[39m
[35m[HTTP][39m [37m-->[39m [37mGET[39m [37m/wd/hub/session/cf0dbef2-5896-49f6-934d-69d70b162728[39m
[35m[HTTP][39m [90m{}[39m
[35m[HTTP][39m [37m<-- GET /wd/hub/session/cf0dbef2-5896-49f6-934d-69d70b162728 [39m[32m200[39m [90m24 ms - 1193[39m
[35m[HTTP][39m [90m[39m
[35m[HTTP][39m [37m-->[39m [37mGET[39m [37m/wd/hub/session/cf0dbef2-5896-49f6-934d-69d70b162728[39m
[35m[HTTP][39m [90m{}[39m
[35m[HTTP][39m [37m<-- GET /wd/hub/session/cf0dbef2-5896-49f6-934d-69d70b162728 [39m[32m200[39m [90m28 ms - 1193[39m
[35m[HTTP][39m [90m[39m
[35m[HTTP][39m [37m-->[39m [37mGET[39m [37m/wd/hub/status[39m
[35m[HTTP][39m [90m{}[39m
[35m[HTTP][39m [37m<-- GET /wd/hub/status [39m[32m200[39m [90m3 ms - 68[39m
[35m[HTTP][39m [90m[39m
[35m[HTTP][39m [37m-->[39m [37mPOST[39m [37m/wd/hub/session/cf0dbef2-5896-49f6-934d-69d70b162728/timeouts[39m
[35m[HTTP][39m [90m{"implicit":60000}[39m
[35m[HTTP][39m [37m<-- POST /wd/hub/session/cf0dbef2-5896-49f6-934d-69d70b162728/timeouts [39m[32m200[39m [90m12 ms - 14[39m
[35m[HTTP][39m [90m[39m
[35m[HTTP][39m [37m-->[39m [37mGET[39m [37m/wd/hub/session/cf0dbef2-5896-49f6-934d-69d70b162728/screenshot[39m
[35m[HTTP][39m [90m{}[39m
[35m[HTTP][39m [37m<-- GET /wd/hub/session/cf0dbef2-5896-49f6-934d-69d70b162728/screenshot [39m[32m200[39m [90m805 ms - 39022[39m
[35m[HTTP][39m [90m[39m
[35m[HTTP][39m [37m-->[39m [37mGET[39m [37m/wd/hub/session/cf0dbef2-5896-49f6-934d-69d70b162728/window/rect[39m
[35m[HTTP][39m [90m{}[39m
[35m[HTTP][39m [37m<-- GET /wd/hub/session/cf0dbef2-5896-49f6-934d-69d70b162728/window/rect [39m[32m200[39m [90m65 ms - 50[39m
[35m[HTTP][39m [90m[39m
[35m[HTTP][39m [37m-->[39m [37mGET[39m [37m/wd/hub/session/cf0dbef2-5896-49f6-934d-69d70b162728/appium/device/system_bars[39m
[35m[HTTP][39m [90m{}[39m
[35m[HTTP][39m [37m<-- GET /wd/hub/session/cf0dbef2-5896-49f6-934d-69d70b162728/appium/device/system_bars [39m[31m500[39m [90m328 ms - 645[39m
[35m[HTTP][39m [90m[39m
[35m[HTTP][39m [37m-->[39m [37mPOST[39m [37m/wd/hub/session/cf0dbef2-5896-49f6-934d-69d70b162728/execute/sync[39m
[35m[HTTP][39m [90m{"script":"mobile:viewportRect","args":[]}[39m
[35m[AndroidDriver][39m Executing native command 'mobile:viewportRect'
[35m[HTTP][39m [37m<-- POST /wd/hub/session/cf0dbef2-5896-49f6-934d-69d70b162728/execute/sync [39m[32m200[39m [90m55 ms - 56[39m
[35m[HTTP][39m [90m[39m
[35m[HTTP][39m [37m-->[39m [37mPOST[39m [37m/wd/hub/session/cf0dbef2-5896-49f6-934d-69d70b162728/appium/device/activate_app[39m
[35m[HTTP][39m [90m{"bundleId":"com.saucelabs.mydemoapp.android"}[39m
[35m[HTTP][39m [37m<-- POST /wd/hub/session/cf0dbef2-5896-49f6-934d-69d70b162728/appium/device/activate_app [39m[32m200[39m [90m1271 ms - 14[39m
[35m[HTTP][39m [90m[39m
[35m[HTTP][39m [37m-->[39m [37mGET[39m [37m/wd/hub/session/cf0dbef2-5896-49f6-934d-69d70b162728/source[39m
[35m[HTTP][39m [90m{}[39m
[35m[W3C (cf0dbef2)][39m Driver proxy active, passing request on via HTTP proxy
[35m[WD Proxy][39m Replacing sessionId 0974f879-5569-4619-be2d-9bb7b82a2382 with cf0dbef2-5896-49f6-934d-69d70b162728
[35m[HTTP][39m [37m<-- GET /wd/hub/session/cf0dbef2-5896-49f6-934d-69d70b162728/source [39m[32m200[39m [90m1881 ms - 3395[39m
[35m[HTTP][39m [90m[39m
[35m[HTTP][39m [37m-->[39m [37mGET[39m [37m/wd/hub/session/cf0dbef2-5896-49f6-934d-69d70b162728/screenshot[39m
[35m[HTTP][39m [90m{}[39m
[35m[HTTP][39m [37m<-- GET /wd/hub/session/cf0dbef2-5896-49f6-934d-69d70b162728/screenshot [39m[32m200[39m [90m616 ms - 63156[39m
[35m[HTTP][39m [90m[39m
[35m[HTTP][39m [37m-->[39m [37mGET[39m [37m/wd/hub/session/cf0dbef2-5896-49f6-934d-69d70b162728/source[39m
[35m[HTTP][39m [90m{}[39m
[35m[W3C (cf0dbef2)][39m Driver proxy active, passing request on via HTTP proxy
[35m[WD Proxy][39m Replacing sessionId 0974f879-5569-4619-be2d-9bb7b82a2382 with cf0dbef2-5896-49f6-934d-69d70b162728
[35m[HTTP][39m [37m<-- GET /wd/hub/session/cf0dbef2-5896-49f6-934d-69d70b162728/source [39m[32m200[39m [90m730 ms - 27712[39m
[35m[HTTP][39m [90m[39m
[35m[HTTP][39m [37m-->[39m [37mGET[39m [37m/wd/hub/session/cf0dbef2-5896-49f6-934d-69d70b162728/screenshot[39m
[35m[HTTP][39m [90m{}[39m
[35m[HTTP][39m [37m<-- GET /wd/hub/session/cf0dbef2-5896-49f6-934d-69d70b162728/screenshot [39m[32m200[39m [90m1287 ms - 965262[39m
[35m[HTTP][39m [90m[39m
[35m[HTTP][39m [37m-->[39m [37mGET[39m [37m/wd/hub/session/cf0dbef2-5896-49f6-934d-69d70b162728/source[39m
[35m[HTTP][39m [90m{}[39m
[35m[W3C (cf0dbef2)][39m Driver proxy active, passing request on via HTTP proxy
[35m[WD Proxy][39m Replacing sessionId 0974f879-5569-4619-be2d-9bb7b82a2382 with cf0dbef2-5896-49f6-934d-69d70b162728
[35m[HTTP][39m [37m<-- GET /wd/hub/session/cf0dbef2-5896-49f6-934d-69d70b162728/source [39m[32m200[39m [90m445 ms - 12778[39m
[35m[HTTP][39m [90m[39m
[35m[HTTP][39m [37m-->[39m [37mGET[39m [37m/wd/hub/session/cf0dbef2-5896-49f6-934d-69d70b162728/screenshot[39m
[35m[HTTP][39m [90m{}[39m
[35m[HTTP][39m [37m<-- GET /wd/hub/session/cf0dbef2-5896-49f6-934d-69d70b162728/screenshot [39m[32m200[39m [90m727 ms - 204906[39m
[35m[HTTP][39m [90m[39m
[35m[HTTP][39m [37m-->[39m [37mGET[39m [37m/wd/hub/session/cf0dbef2-5896-49f6-934d-69d70b162728/source[39m
[35m[HTTP][39m [90m{}[39m
[35m[W3C (cf0dbef2)][39m Driver proxy active, passing request on via HTTP proxy
[35m[WD Proxy][39m Replacing sessionId 0974f879-5569-4619-be2d-9bb7b82a2382 with cf0dbef2-5896-49f6-934d-69d70b162728
[35m[HTTP][39m [37m<-- GET /wd/hub/session/cf0dbef2-5896-49f6-934d-69d70b162728/source [39m[32m200[39m [90m284 ms - 13323[39m
[35m[HTTP][39m [90m[39m
[35m[HTTP][39m [37m-->[39m [37mGET[39m [37m/wd/hub/session/cf0dbef2-5896-49f6-934d-69d70b162728/screenshot[39m
[35m[HTTP][39m [90m{}[39m
[35m[HTTP][39m [37m<-- GET /wd/hub/session/cf0dbef2-5896-49f6-934d-69d70b162728/screenshot [39m[32m200[39m [90m754 ms - 224276[39m
[35m[HTTP][39m [90m[39m
[35m[HTTP][39m [37m-->[39m [37mPOST[39m [37m/wd/hub/session/cf0dbef2-5896-49f6-934d-69d70b162728/elements[39m
[35m[HTTP][39m [90m{"using":"xpath","value":"//*[@class = 'android.widget.TextView' and (@text = 'Sorry this user has been locked out.' or . = 'Sorry this user has been locked out.') and @resource-id = 'com.saucelabs.mydemoapp.android:id/passwordErrorTV']"}[39m
[35m[HTTP][39m [37m<-- POST /wd/hub/session/cf0dbef2-5896-49f6-934d-69d70b162728/elements [39m[32m200[39m [90m730 ms - 139[39m
[35m[HTTP][39m [90m[39m
[35m[HTTP][39m [37m-->[39m [37mGET[39m [37m/wd/hub/session/cf0dbef2-5896-49f6-934d-69d70b162728/window/rect[39m
[35m[HTTP][39m [90m{}[39m
[35m[HTTP][39m [37m<-- GET /wd/hub/session/cf0dbef2-5896-49f6-934d-69d70b162728/window/rect [39m[32m200[39m [90m49 ms - 50[39m
[35m[HTTP][39m [90m[39m
[35m[HTTP][39m [37m-->[39m [37mPOST[39m [37m/wd/hub/session/cf0dbef2-5896-49f6-934d-69d70b162728/elements[39m
[35m[HTTP][39m [90m{"using":"xpath","value":"//*[@class = 'android.widget.TextView' and (@text = 'Sorry this user has been locked out.' or . = 'Sorry this user has been locked out.') and @resource-id = 'com.saucelabs.mydemoapp.android:id/passwordErrorTV']"}[39m
[35m[HTTP][39m [37m<-- POST /wd/hub/session/cf0dbef2-5896-49f6-934d-69d70b162728/elements [39m[32m200[39m [90m299 ms - 139[39m
[35m[HTTP][39m [90m[39m
[35m[HTTP][39m [37m-->[39m [37mGET[39m [37m/wd/hub/session/cf0dbef2-5896-49f6-934d-69d70b162728/element/00000000-0000-00db-ffff-ffff00000086/location[39m
[35m[HTTP][39m [90m{}[39m
[35m[W3C (cf0dbef2)][39m Driver proxy active, passing request on via HTTP proxy
[35m[WD Proxy][39m Replacing sessionId 0974f879-5569-4619-be2d-9bb7b82a2382 with cf0dbef2-5896-49f6-934d-69d70b162728
[35m[HTTP][39m [37m<-- GET /wd/hub/session/cf0dbef2-5896-49f6-934d-69d70b162728/element/00000000-0000-00db-ffff-ffff00000086/location [39m[32m200[39m [90m69 ms - 78[39m
[35m[HTTP][39m [90m[39m
[35m[HTTP][39m [37m-->[39m [37mPOST[39m [37m/wd/hub/session/cf0dbef2-5896-49f6-934d-69d70b162728/element/00000000-0000-00db-ffff-ffff00000086/click[39m
[35m[HTTP][39m [90m{"id":"00000000-0000-00db-ffff-ffff00000086"}[39m
[35m[HTTP][39m [37m<-- POST /wd/hub/session/cf0dbef2-5896-49f6-934d-69d70b162728/element/00000000-0000-00db-ffff-ffff00000086/click [39m[32m200[39m [90m621 ms - 14[39m
[35m[HTTP][39m [90m[39m
[35m[HTTP][39m [37m-->[39m [37mGET[39m [37m/wd/hub/session/cf0dbef2-5896-49f6-934d-69d70b162728/source[39m
[35m[HTTP][39m [90m{}[39m
[35m[W3C (cf0dbef2)][39m Driver proxy active, passing request on via HTTP proxy
[35m[WD Proxy][39m Replacing sessionId 0974f879-5569-4619-be2d-9bb7b82a2382 with cf0dbef2-5896-49f6-934d-69d70b162728
[35m[HTTP][39m [37m<-- GET /wd/hub/session/cf0dbef2-5896-49f6-934d-69d70b162728/source [39m[32m200[39m [90m236 ms - 13323[39m
[35m[HTTP][39m [90m[39m
[35m[HTTP][39m [37m-->[39m [37mGET[39m [37m/wd/hub/session/cf0dbef2-5896-49f6-934d-69d70b162728/screenshot[39m
[35m[HTTP][39m [90m{}[39m
[35m[HTTP][39m [37m<-- GET /wd/hub/session/cf0dbef2-5896-49f6-934d-69d70b162728/screenshot [39m[32m200[39m [90m763 ms - 224276[39m
[35m[HTTP][39m [90m[39m
[35m[HTTP][39m [37m-->[39m [37mDELETE[39m [37m/wd/hub/session/cf0dbef2-5896-49f6-934d-69d70b162728[39m
[35m[HTTP][39m [90m{}[39m
[35m[Appium][39m Removing session cf0dbef2-5896-49f6-934d-69d70b162728 from our master session list
[35m[UiAutomator2][39m Restoring hidden api policy to the device default configuration
[35m[HTTP][39m [37m<-- DELETE /wd/hub/session/cf0dbef2-5896-49f6-934d-69d70b162728 [39m[32m200[39m [90m536 ms - 14[39m
[35m[HTTP][39m [90m[39m
